This is TeX, Version 3.14159 (Web2C 7.3.1) (format=tex 2003.2.18)  24 FEB 2004 13:49
**quia-ergo-femina.tex
(quia-ergo-femina.tex (/usr/share/texmf/tex/generic/musixtex/musixtex.tex
MusiXTeX(c) T.101 <16 January 2001>
\n@i=\count26
\n@ii=\count27
\n@iii=\count28
\n@iv=\count29
\n@v=\count30
\n@vi=\count31
\n@vii=\count32
\n@viii=\count33
\toks@box=\box16
\w@rkbox=\box17
\n@otebox=\box18
\y@=\dimen16
\y@i=\dimen17
\y@ii=\dimen18
\y@iii=\dimen19
\y@iv=\dimen20
\y@v=\dimen21
\k@ii=\skip18
\k@iii=\skip19
\k@iiii=\skip20
\k@iiv=\skip21
\k@iv=\skip22
\k@ivi=\skip23
\i@ni=\dimen22
\i@nii=\dimen23
\i@niii=\dimen24
\i@niv=\dimen25
\i@nv=\dimen26
\i@nvi=\dimen27
\b@xi=\dimen28
\b@zi=\dimen29
\b@xii=\dimen30
\b@zii=\dimen31
\b@xiii=\dimen32
\b@ziii=\dimen33
\b@xiv=\dimen34
\b@ziv=\dimen35
\b@xv=\dimen36
\b@zv=\dimen37
\b@xvi=\dimen38
\b@zvi=\dimen39
\c@xi=\dimen40
\c@zi=\dimen41
\c@xii=\dimen42
\c@zii=\dimen43
\c@xiii=\dimen44
\c@ziii=\dimen45
\c@xiv=\dimen46
\c@ziv=\dimen47
\c@xv=\dimen48
\c@zv=\dimen49
\c@xvi=\dimen50
\c@zvi=\dimen51
\d@xi=\dimen52
\d@zi=\dimen53
\d@xii=\dimen54
\d@zii=\dimen55
\d@xiii=\dimen56
\d@ziii=\dimen57
\d@xiv=\dimen58
\d@ziv=\dimen59
\d@xv=\dimen60
\d@zv=\dimen61
\d@xvi=\dimen62
\d@zvi=\dimen63
\e@xi=\dimen64
\e@zi=\skip24
\e@xii=\dimen65
\e@zii=\skip25
\e@xiii=\dimen66
\e@ziii=\skip26
\e@xiv=\dimen67
\e@ziv=\skip27
\e@xv=\dimen68
\e@zv=\skip28
\e@xvi=\dimen69
\e@zvi=\skip29
\b@pi=\count34
\b@ni=\count35
\b@pii=\count36
\b@nii=\count37
\b@piii=\count38
\b@niii=\count39
\b@piv=\count40
\b@niv=\count41
\b@pv=\count42
\b@nv=\count43
\b@pvi=\count44
\b@nvi=\count45
\n@pi=\count46
\n@pii=\count47
\n@piii=\count48
\n@piv=\count49
\n@pv=\count50
\n@pvi=\count51
\a@si=\count52
\o@si=\count53
\a@sii=\count54
\o@sii=\count55
\a@siii=\count56
\o@siii=\count57
\a@siv=\count58
\o@siv=\count59
\a@sv=\count60
\o@sv=\count61
\a@svi=\count62
\o@svi=\count63
\a@ci=\toks12
\a@cii=\toks13
\a@ciii=\toks14
\a@civ=\toks15
\a@cv=\toks16
\a@cvi=\toks17
\o@ci=\toks18
\o@cii=\toks19
\o@ciii=\toks20
\o@civ=\toks21
\o@cv=\toks22
\o@cvi=\toks23
\m@ti=\toks24
\m@tii=\toks25
\m@tiii=\toks26
\m@tiv=\toks27
\m@tv=\toks28
\m@tvi=\toks29
\g@bi=\skip30
\g@bii=\skip31
\g@biii=\skip32
\g@hi=\skip33
\g@hii=\skip34
\g@hiii=\skip35
\group@no=\count64
\N@s=\count65
\s@xi=\dimen70
\s@xii=\dimen71
\s@xiii=\dimen72
\s@xiv=\dimen73
\s@xv=\dimen74
\s@xvi=\dimen75
\s@si=\toks30
\s@sii=\toks31
\s@siii=\toks32
\s@siv=\toks33
\s@sv=\toks34
\s@svi=\toks35
\s@Y=\dimen76
\s@Yi=\dimen77
\s@Yii=\dimen78
\s@Yiii=\dimen79
\s@Yiv=\dimen80
\s@Yv=\dimen81
\s@Yvi=\dimen82
\s@ai=\skip36
\s@aii=\skip37
\s@aiii=\skip38
\s@aiv=\skip39
\s@av=\skip40
\s@avi=\skip41
\s@yi=\count66
\s@yii=\count67
\s@yiii=\count68
\s@yiv=\count69
\s@yv=\count70
\s@yvi=\count71
\s@Ni=\count72
\s@Nii=\count73
\s@Niii=\count74
\s@Niv=\count75
\s@Nv=\count76
\s@Nvi=\count77
\s@zi=\count78
\s@zii=\count79
\s@ziii=\count80
\s@ziv=\count81
\s@zv=\count82
\s@zvi=\count83
\s@di=\toks36
\s@dii=\toks37
\s@diii=\toks38
\s@div=\toks39
\s@dv=\toks40
\s@dvi=\toks41
\lin@pos=\dimen83
\meet@minus@n@iv=\count84
\interbeam=\dimen84
\b@amthick=\dimen85
\Interligne=\dimen86
\Internote=\dimen87
\ch@box=\box19
\musicsize=\count85
\qd@skip=\dimen88
\qn@width=\dimen89
\wn@width=\dimen90
\txt@ff=\skip42
\s@indent=\skip43
\big@spc=\skip44
\lthick=\dimen91
\afterruleskip=\skip45
\staffbotmarg=\dimen92
\stafftopmarg=\dimen93
\line@width=\dimen94
\interportee=\dimen95
\noport@@=\count86
\noinstrum@nt=\count87
\altportee=\dimen96
\interinstrument=\dimen97
\systemheight=\dimen98
\altplancher=\dimen99
\instrum@in@group=\skip46
\boxitsep=\skip47
\barsinpi@c@=\count88
\barno=\count89
\startbarno=\count90
\sign@skip=\dimen100
\maxsign@skip=\dimen101
\x@skip=\dimen102
\n@skip=\dimen103
\beforeruleskip=\skip48
\widthtyp@=\count91
\lastbarno=\count92
\cut@v=\skip49
\init@volta@pos=\skip50
\volta@startcor=\skip51
\volta@endcor=\skip52
\writ@volta@box=\box20
\barsinlin@=\count93
\maxbarsinlin@=\count94
\lastbarpos=\skip53
\ut@ref=\count95
\meterskip=\skip54
\t@c=\toks42
\clef@skip=\skip55
\noteskip=\dimen104
\transpose=\count96
\normaltranspose=\count97
\locx@skip=\dimen105
\elemskip=\dimen106
\@l@mskip=\dimen107
\inh@alt=\count98
\st@bot=\dimen108
\st@top=\dimen109
\stem@skip=\dimen110
\s@lope=\dimen111
\y@vi=\dimen112
\lift@rest=\dimen113
\accshift=\skip56
\@icresc=\skip57
\@itrillei=\skip58
\@itrilleii=\skip59
\@itrilleiii=\skip60
\@itrilleiv=\skip61
\@itrillev=\skip62
\@itrillevi=\skip63
\tr@xi=\skip64
\tr@xii=\skip65
\tr@xiii=\skip66
\tr@xiv=\skip67
\tr@xv=\skip68
\tr@xvi=\skip69
\tr@swi=\toks43
\tr@swii=\toks44
\tr@swiii=\toks45
\tr@swiv=\toks46
\tr@swv=\toks47
\tr@swvi=\toks48
\tr@yi=\skip70
\tr@yii=\skip71
\tr@yiii=\skip72
\tr@yiv=\skip73
\tr@yv=\skip74
\tr@yvi=\skip75
\tr@number=\count99
\o@xi=\skip76
\o@xii=\skip77
\o@xiii=\skip78
\o@xiv=\skip79
\o@xv=\skip80
\o@xvi=\skip81
\o@yi=\skip82
\o@yii=\skip83
\o@yiii=\skip84
\o@yiv=\skip85
\o@yv=\skip86
\o@yvi=\skip87
\o@swi=\toks49
\o@swii=\toks50
\o@swiii=\toks51
\o@swiv=\toks52
\o@swv=\toks53
\o@swvi=\toks54
\o@number=\count100
\notes@open=\count101
\outmux=\write0
\mulooseness=\count102
\linegoal=\count103
\l@eftrightbox=\box21
\inmux=\read0
) (/usr/share/texmf/tex/generic/musixtex/musixsty.tex
MusiXtextSTYle T.94 <11 May 1999>
\footmarkcount=\count104
\theslant=\dimen114
)
\openout0 = `quia-ergo-femina.mx1'.


\startmuflex launched by \startpiece 
bar 1
Overfull \hbox (9.32147pt too wide) in paragraph at lines 26--79
[][][][][] [][][][][][][][][][][][][] |

\hbox(75.0+0.0)x526.37598, glue set - 1.0 []

bar 2 bar 3 bar 4 bar 5 bar 6 bar 7 [1] )
Output written on quia-ergo-femina.dvi (1 page, 7236 bytes).
